<?xml version="1.0" encoding="UTF-8"?>
<testsuite name="I as a user want to perform a mathematical operation on the windows calculator" tests="1" skipped="0" failures="0" errors="0" timestamp="2020-06-24T18:49:42" hostname="LAPTOP-NPPA3HE5" time="15.385">
  <properties/>
  <testcase name="mathematical Operation" classname="I as a user want to perform a mathematical operation on the windows calculator" time="15.385"/>
  <system-out><![CDATA[]]></system-out>
  <system-err><![CDATA[jun 24, 2020 1:49:46 PM org.openqa.selenium.remote.ProtocolHandshake createSession
INFORMACIÓN: Detected dialect: OSS
[Test worker] INFO net.thucydides.core.steps.ConsoleLoggingListener - 
        __    _____ _____ ____ _____   ____   _    ____  ____  _____ ____  
  _     \ \  |_   _| ____/ ___|_   _| |  _ \ / \  / ___|/ ___|| ____|  _ \ 
 (_)_____| |   | | |  _| \___ \ | |   | |_) / _ \ \___ \\___ \|  _| | | | |
  _|_____| |   | | | |___ ___) || |   |  __/ ___ \ ___) |___) | |___| |_| |
 (_)     | |   |_| |_____|____/ |_|   |_| /_/   \_\____/|____/|_____|____/ 
        /_/                                                                

TEST PASSED: mathematical Operation
----------------------------------------------------------------------------
]]></system-err>
</testsuite>
